Determining if the pthread_create exist failed with the following output:
Change Dir: /home/griffin/Documents/gr-ntsc/build/CMakeFiles/CMakeTmp

Run Build Command:"/usr/bin/make" "cmTC_3bc65/fast"
/usr/bin/make -f CMakeFiles/cmTC_3bc65.dir/build.make CMakeFiles/cmTC_3bc65.dir/build
make[1]: Entering directory '/home/griffin/Documents/gr-ntsc/build/CMakeFiles/CMakeTmp'
Building C object CMakeFiles/cmTC_3bc65.dir/CheckSymbolExists.c.o
/usr/bin/cc    -fPIC    -o CMakeFiles/cmTC_3bc65.dir/CheckSymbolExists.c.o   -c /home/griffin/Documents/gr-ntsc/build/CMakeFiles/CMakeTmp/CheckSymbolExists.c
Linking C executable cmTC_3bc65
/usr/bin/cmake -E cmake_link_script CMakeFiles/cmTC_3bc65.dir/link.txt --verbose=1
/usr/bin/cc  -fPIC     CMakeFiles/cmTC_3bc65.dir/CheckSymbolExists.c.o  -o cmTC_3bc65 -rdynamic 
CMakeFiles/cmTC_3bc65.dir/CheckSymbolExists.c.o: In function `main':
CheckSymbolExists.c:(.text+0x1b): undefined reference to `pthread_create'
collect2: error: ld returned 1 exit status
CMakeFiles/cmTC_3bc65.dir/build.make:97: recipe for target 'cmTC_3bc65' failed
make[1]: *** [cmTC_3bc65] Error 1
make[1]: Leaving directory '/home/griffin/Documents/gr-ntsc/build/CMakeFiles/CMakeTmp'
Makefile:126: recipe for target 'cmTC_3bc65/fast' failed
make: *** [cmTC_3bc65/fast] Error 2

File /home/griffin/Documents/gr-ntsc/build/CMakeFiles/CMakeTmp/CheckSymbolExists.c:
/* */
#include <pthread.h>

int main(int argc, char** argv)
{
  (void)argv;
#ifndef pthread_create
  return ((int*)(&pthread_create))[argc];
#else
  (void)argc;
  return 0;
#endif
}

Determining if the function pthread_create exists in the pthreads failed with the following output:
Change Dir: /home/griffin/Documents/gr-ntsc/build/CMakeFiles/CMakeTmp

Run Build Command:"/usr/bin/make" "cmTC_edc1b/fast"
/usr/bin/make -f CMakeFiles/cmTC_edc1b.dir/build.make CMakeFiles/cmTC_edc1b.dir/build
make[1]: Entering directory '/home/griffin/Documents/gr-ntsc/build/CMakeFiles/CMakeTmp'
Building C object CMakeFiles/cmTC_edc1b.dir/CheckFunctionExists.c.o
/usr/bin/cc    -fPIC -DCHECK_FUNCTION_EXISTS=pthread_create   -o CMakeFiles/cmTC_edc1b.dir/CheckFunctionExists.c.o   -c /usr/share/cmake-3.5/Modules/CheckFunctionExists.c
Linking C executable cmTC_edc1b
/usr/bin/cmake -E cmake_link_script CMakeFiles/cmTC_edc1b.dir/link.txt --verbose=1
/usr/bin/cc  -fPIC -DCHECK_FUNCTION_EXISTS=pthread_create    CMakeFiles/cmTC_edc1b.dir/CheckFunctionExists.c.o  -o cmTC_edc1b -rdynamic -lpthreads 
/usr/bin/ld: cannot find -lpthreads
collect2: error: ld returned 1 exit status
CMakeFiles/cmTC_edc1b.dir/build.make:97: recipe for target 'cmTC_edc1b' failed
make[1]: *** [cmTC_edc1b] Error 1
make[1]: Leaving directory '/home/griffin/Documents/gr-ntsc/build/CMakeFiles/CMakeTmp'
Makefile:126: recipe for target 'cmTC_edc1b/fast' failed
make: *** [cmTC_edc1b/fast] Error 2


